2015-11-10 15:26:56 10fc InnoDB: Warning: Using innodb_additional_mem_pool_size is DEPRECATED. This option may be removed in future releases, together with the option innodb_use_sys_malloc and with the InnoDB's internal memory allocator.
2015-11-10 15:26:56 4348 [Note] InnoDB: Using mutexes to ref count buffer pool pages
2015-11-10 15:26:56 4348 [Note] InnoDB: The InnoDB memory heap is disabled
2015-11-10 15:26:56 4348 [Note] InnoDB: Mutexes and rw_locks use Windows interlocked functions
2015-11-10 15:26:56 4348 [Note] InnoDB: Memory barrier is not used
2015-11-10 15:26:56 4348 [Note] InnoDB: Compressed tables use zlib 1.2.3
2015-11-10 15:26:56 4348 [Note] InnoDB: Not using CPU crc32 instructions
2015-11-10 15:26:56 4348 [Note] InnoDB: Initializing buffer pool, size = 16.0M
2015-11-10 15:26:56 4348 [Note] InnoDB: Completed initialization of buffer pool
2015-11-10 15:26:56 4348 [Note] InnoDB: Highest supported file format is Barracuda.
2015-11-10 15:26:57 4348 [Note] InnoDB: 128 rollback segment(s) are active.
2015-11-10 15:26:57 4348 [Note] InnoDB: Waiting for purge to start
2015-11-10 15:26:57 4348 [Note] InnoDB:  Percona XtraDB (http://www.percona.com) 5.6.26-74.0 started; log sequence number 1835027
2015-11-10 15:26:57 6140 [Note] InnoDB: Dumping buffer pool(s) not yet started
2015-11-10 15:26:57 4348 [Note] Plugin 'FEEDBACK' is disabled.
2015-11-10 15:26:57 4348 [Note] Server socket created on IP: '::'.
2015-11-10 15:26:57 4348 [Note] Event Scheduler: Loaded 0 events
2015-11-10 15:26:57 4348 [Note] C:\xampp\mysql\bin\mysqld.exe: ready for connections.
Version: '10.1.8-MariaDB'  socket: ''  port: 3306  mariadb.org binary distribution
2015-11-10 15:27:11 5152 [Note] C:\xampp\mysql\bin\mysqld.exe: Normal shutdown

2015-11-10 15:27:11 5152 [Note] Event Scheduler: Purging the queue. 0 events
2015-11-10 15:27:11 5732 [Note] InnoDB: FTS optimize thread exiting.
2015-11-10 15:27:11 5152 [Note] InnoDB: Starting shutdown...
2015-11-10 15:27:13 5152 [Note] InnoDB: Shutdown completed; log sequence number 1835037
2015-11-10 15:27:13 5152 [Note] C:\xampp\mysql\bin\mysqld.exe: Shutdown complete

2018-11-13 08:59:10 5404 InnoDB: Warning: Using innodb_additional_mem_pool_size is DEPRECATED. This option may be removed in future releases, together with the option innodb_use_sys_malloc and with the InnoDB's internal memory allocator.
2018-11-13  8:59:10 21508 [Note] InnoDB: innodb_empty_free_list_algorithm has been changed to legacy because of small buffer pool size. In order to use backoff, increase buffer pool at least up to 20MB.

2018-11-13  8:59:10 21508 [Note] InnoDB: Using mutexes to ref count buffer pool pages
2018-11-13  8:59:10 21508 [Note] InnoDB: The InnoDB memory heap is disabled
2018-11-13  8:59:10 21508 [Note] InnoDB: Mutexes and rw_locks use Windows interlocked functions
2018-11-13  8:59:10 21508 [Note] InnoDB: _mm_lfence() and _mm_sfence() are used for memory barrier
2018-11-13  8:59:10 21508 [Note] InnoDB: Compressed tables use zlib 1.2.3
2018-11-13  8:59:10 21508 [Note] InnoDB: Using generic crc32 instructions
2018-11-13  8:59:10 21508 [Note] InnoDB: Initializing buffer pool, size = 16.0M
2018-11-13  8:59:10 21508 [Note] InnoDB: Completed initialization of buffer pool
2018-11-13  8:59:10 21508 [Note] InnoDB: Highest supported file format is Barracuda.
2018-11-13  8:59:12 21508 [Note] InnoDB: 128 rollback segment(s) are active.
2018-11-13  8:59:12 21508 [Note] InnoDB: Waiting for purge to start
2018-11-13  8:59:13 21508 [Note] InnoDB:  Percona XtraDB (http://www.percona.com) 5.6.39-83.1 started; log sequence number 1835037
2018-11-13  8:59:13 24228 [Note] InnoDB: Dumping buffer pool(s) not yet started
2018-11-13  8:59:13 21508 [Note] Plugin 'FEEDBACK' is disabled.
2018-11-13  8:59:13 21508 [Note] Server socket created on IP: '::'.
2018-11-13  8:59:13 21508 [ERROR] Can't start server: Bind on TCP/IP port. Got error: 10048: Only one usage of each socket address (protocol/network address/port) is normally permitted.

2018-11-13  8:59:13 21508 [ERROR] Do you already have another mysqld server running on port: 3306 ?
2018-11-13  8:59:13 21508 [ERROR] Aborting

2018-11-13 08:59:42 723c InnoDB: Warning: Using innodb_additional_mem_pool_size is DEPRECATED. This option may be removed in future releases, together with the option innodb_use_sys_malloc and with the InnoDB's internal memory allocator.
2018-11-13  8:59:42 29244 [Note] InnoDB: innodb_empty_free_list_algorithm has been changed to legacy because of small buffer pool size. In order to use backoff, increase buffer pool at least up to 20MB.

2018-11-13  8:59:42 29244 [Note] InnoDB: Using mutexes to ref count buffer pool pages
2018-11-13  8:59:42 29244 [Note] InnoDB: The InnoDB memory heap is disabled
2018-11-13  8:59:42 29244 [Note] InnoDB: Mutexes and rw_locks use Windows interlocked functions
2018-11-13  8:59:42 29244 [Note] InnoDB: _mm_lfence() and _mm_sfence() are used for memory barrier
2018-11-13  8:59:42 29244 [Note] InnoDB: Compressed tables use zlib 1.2.3
2018-11-13  8:59:42 29244 [Note] InnoDB: Using generic crc32 instructions
2018-11-13  8:59:42 29244 [Note] InnoDB: Initializing buffer pool, size = 16.0M
2018-11-13  8:59:42 29244 [Note] InnoDB: Completed initialization of buffer pool
2018-11-13  8:59:42 29244 [Note] InnoDB: Highest supported file format is Barracuda.
2018-11-13  8:59:43 29244 [Note] InnoDB: 128 rollback segment(s) are active.
2018-11-13  8:59:43 29244 [Note] InnoDB: Waiting for purge to start
2018-11-13  8:59:43 29244 [Note] InnoDB:  Percona XtraDB (http://www.percona.com) 5.6.39-83.1 started; log sequence number 1835047
2018-11-13  8:59:43 20624 [Note] InnoDB: Dumping buffer pool(s) not yet started
2018-11-13  8:59:43 29244 [Note] Plugin 'FEEDBACK' is disabled.
2018-11-13  8:59:43 29244 [Note] Server socket created on IP: '::'.
2018-11-13  8:59:43 29244 [ERROR] Can't start server: Bind on TCP/IP port. Got error: 10048: Only one usage of each socket address (protocol/network address/port) is normally permitted.

2018-11-13  8:59:43 29244 [ERROR] Do you already have another mysqld server running on port: 3306 ?
2018-11-13  8:59:43 29244 [ERROR] Aborting

2018-11-13 09:01:52 4bac InnoDB: Warning: Using innodb_additional_mem_pool_size is DEPRECATED. This option may be removed in future releases, together with the option innodb_use_sys_malloc and with the InnoDB's internal memory allocator.
2018-11-13  9:01:52 19372 [Note] InnoDB: innodb_empty_free_list_algorithm has been changed to legacy because of small buffer pool size. In order to use backoff, increase buffer pool at least up to 20MB.

2018-11-13  9:01:52 19372 [Note] InnoDB: Using mutexes to ref count buffer pool pages
2018-11-13  9:01:52 19372 [Note] InnoDB: The InnoDB memory heap is disabled
2018-11-13  9:01:52 19372 [Note] InnoDB: Mutexes and rw_locks use Windows interlocked functions
2018-11-13  9:01:52 19372 [Note] InnoDB: _mm_lfence() and _mm_sfence() are used for memory barrier
2018-11-13  9:01:52 19372 [Note] InnoDB: Compressed tables use zlib 1.2.3
2018-11-13  9:01:52 19372 [Note] InnoDB: Using generic crc32 instructions
2018-11-13  9:01:52 19372 [Note] InnoDB: Initializing buffer pool, size = 16.0M
2018-11-13  9:01:52 19372 [Note] InnoDB: Completed initialization of buffer pool
2018-11-13  9:01:52 19372 [Note] InnoDB: Highest supported file format is Barracuda.
2018-11-13  9:01:53 19372 [Note] InnoDB: 128 rollback segment(s) are active.
2018-11-13  9:01:53 19372 [Note] InnoDB: Waiting for purge to start
2018-11-13  9:01:53 19372 [Note] InnoDB:  Percona XtraDB (http://www.percona.com) 5.6.39-83.1 started; log sequence number 1835057
2018-11-13  9:01:53 29024 [Note] InnoDB: Dumping buffer pool(s) not yet started
2018-11-13  9:01:53 19372 [Note] Plugin 'FEEDBACK' is disabled.
2018-11-13  9:01:53 19372 [Note] Server socket created on IP: '::'.
2018-11-13  9:01:53 19372 [ERROR] Can't start server: Bind on TCP/IP port. Got error: 10048: Only one usage of each socket address (protocol/network address/port) is normally permitted.

2018-11-13  9:01:53 19372 [ERROR] Do you already have another mysqld server running on port: 3306 ?
2018-11-13  9:01:53 19372 [ERROR] Aborting

