::1 - - [13/Nov/2018:09:07:39 +0000] "GET / HTTP/1.1" 302 - "-" "Mozilla/5.0 (Windows NT 10.0; Win64; x64) AppleWebKit/537.36 (KHTML, like Gecko) Chrome/70.0.3538.77 Safari/537.36"
::1 - - [13/Nov/2018:09:07:40 +0000] "GET /dashboard/ HTTP/1.1" 200 7577 "-" "Mozilla/5.0 (Windows NT 10.0; Win64; x64) AppleWebKit/537.36 (KHTML, like Gecko) Chrome/70.0.3538.77 Safari/537.36"
::1 - - [13/Nov/2018:09:07:40 +0000] "GET /dashboard/stylesheets/normalize.css HTTP/1.1" 200 6876 "http://localhost/dashboard/" "Mozilla/5.0 (Windows NT 10.0; Win64; x64) AppleWebKit/537.36 (KHTML, like Gecko) Chrome/70.0.3538.77 Safari/537.36"
::1 - - [13/Nov/2018:09:07:40 +0000] "GET /dashboard/stylesheets/all.css HTTP/1.1" 200 481698 "http://localhost/dashboard/" "Mozilla/5.0 (Windows NT 10.0; Win64; x64) AppleWebKit/537.36 (KHTML, like Gecko) Chrome/70.0.3538.77 Safari/537.36"
::1 - - [13/Nov/2018:09:07:40 +0000] "GET /dashboard/images/bitnami-xampp.png HTTP/1.1" 200 22133 "http://localhost/dashboard/" "Mozilla/5.0 (Windows NT 10.0; Win64; x64) AppleWebKit/537.36 (KHTML, like Gecko) Chrome/70.0.3538.77 Safari/537.36"
::1 - - [13/Nov/2018:09:07:40 +0000] "GET /dashboard/images/xampp-logo.svg HTTP/1.1" 200 5427 "http://localhost/dashboard/" "Mozilla/5.0 (Windows NT 10.0; Win64; x64) AppleWebKit/537.36 (KHTML, like Gecko) Chrome/70.0.3538.77 Safari/537.36"
::1 - - [13/Nov/2018:09:07:40 +0000] "GET /dashboard/javascripts/modernizr.js HTTP/1.1" 200 51365 "http://localhost/dashboard/" "Mozilla/5.0 (Windows NT 10.0; Win64; x64) AppleWebKit/537.36 (KHTML, like Gecko) Chrome/70.0.3538.77 Safari/537.36"
::1 - - [13/Nov/2018:09:07:40 +0000] "GET /dashboard/javascripts/all.js HTTP/1.1" 200 188385 "http://localhost/dashboard/" "Mozilla/5.0 (Windows NT 10.0; Win64; x64) AppleWebKit/537.36 (KHTML, like Gecko) Chrome/70.0.3538.77 Safari/537.36"
::1 - - [13/Nov/2018:09:07:40 +0000] "GET /dashboard/images/fastly-logo.png HTTP/1.1" 200 1770 "http://localhost/dashboard/" "Mozilla/5.0 (Windows NT 10.0; Win64; x64) AppleWebKit/537.36 (KHTML, like Gecko) Chrome/70.0.3538.77 Safari/537.36"
::1 - - [13/Nov/2018:09:07:40 +0000] "GET /dashboard/images/social-icons.png HTTP/1.1" 200 3361 "http://localhost/dashboard/stylesheets/all.css" "Mozilla/5.0 (Windows NT 10.0; Win64; x64) AppleWebKit/537.36 (KHTML, like Gecko) Chrome/70.0.3538.77 Safari/537.36"
::1 - - [13/Nov/2018:09:07:41 +0000] "GET /dashboard/images/favicon.png HTTP/1.1" 200 2508 "http://localhost/dashboard/" "Mozilla/5.0 (Windows NT 10.0; Win64; x64) AppleWebKit/537.36 (KHTML, like Gecko) Chrome/70.0.3538.77 Safari/537.36"
::1 - - [13/Nov/2018:09:08:01 +0000] "GET /webalizer HTTP/1.1" 301 335 "-" "Mozilla/5.0 (Windows NT 10.0; Win64; x64) AppleWebKit/537.36 (KHTML, like Gecko) Chrome/70.0.3538.77 Safari/537.36"
::1 - - [13/Nov/2018:09:08:01 +0000] "GET /webalizer/ HTTP/1.1" 403 1201 "-" "Mozilla/5.0 (Windows NT 10.0; Win64; x64) AppleWebKit/537.36 (KHTML, like Gecko) Chrome/70.0.3538.77 Safari/537.36"
::1 - - [13/Nov/2018:09:08:02 +0000] "GET /favicon.ico HTTP/1.1" 200 30894 "http://localhost/webalizer/" "Mozilla/5.0 (Windows NT 10.0; Win64; x64) AppleWebKit/537.36 (KHTML, like Gecko) Chrome/70.0.3538.77 Safari/537.36"
::1 - - [13/Nov/2018:09:08:04 +0000] "GET /webalizer/cssow HTTP/1.1" 301 341 "-" "Mozilla/5.0 (Windows NT 10.0; Win64; x64) AppleWebKit/537.36 (KHTML, like Gecko) Chrome/70.0.3538.77 Safari/537.36"
::1 - - [13/Nov/2018:09:08:04 +0000] "GET /webalizer/cssow/ HTTP/1.1" 302 - "-" "Mozilla/5.0 (Windows NT 10.0; Win64; x64) AppleWebKit/537.36 (KHTML, like Gecko) Chrome/70.0.3538.77 Safari/537.36"
::1 - - [13/Nov/2018:09:08:04 +0000] "GET /webalizer/cssow/installation/index.php HTTP/1.1" 200 6083 "-" "Mozilla/5.0 (Windows NT 10.0; Win64; x64) AppleWebKit/537.36 (KHTML, like Gecko) Chrome/70.0.3538.77 Safari/537.36"
::1 - - [13/Nov/2018:09:08:05 +0000] "GET /webalizer/cssow/media/jui/css/chosen.css?43897d417931a73665533826cfce8f9c HTTP/1.1" 200 12699 "http://localhost/webalizer/cssow/installation/index.php" "Mozilla/5.0 (Windows NT 10.0; Win64; x64) AppleWebKit/537.36 (KHTML, like Gecko) Chrome/70.0.3538.77 Safari/537.36"
::1 - - [13/Nov/2018:09:08:05 +0000] "GET /webalizer/cssow/media/jui/css/bootstrap.min.css?43897d417931a73665533826cfce8f9c HTTP/1.1" 200 106251 "http://localhost/webalizer/cssow/installation/index.php" "Mozilla/5.0 (Windows NT 10.0; Win64; x64) AppleWebKit/537.36 (KHTML, like Gecko) Chrome/70.0.3538.77 Safari/537.36"
::1 - - [13/Nov/2018:09:08:05 +0000] "GET /webalizer/cssow/media/jui/js/jquery.min.js?43897d417931a73665533826cfce8f9c HTTP/1.1" 200 97168 "http://localhost/webalizer/cssow/installation/index.php" "Mozilla/5.0 (Windows NT 10.0; Win64; x64) AppleWebKit/537.36 (KHTML, like Gecko) Chrome/70.0.3538.77 Safari/537.36"
::1 - - [13/Nov/2018:09:08:05 +0000] "GET /webalizer/cssow/media/jui/js/jquery-migrate.min.js?43897d417931a73665533826cfce8f9c HTTP/1.1" 200 10057 "http://localhost/webalizer/cssow/installation/index.php" "Mozilla/5.0 (Windows NT 10.0; Win64; x64) AppleWebKit/537.36 (KHTML, like Gecko) Chrome/70.0.3538.77 Safari/537.36"
::1 - - [13/Nov/2018:09:08:05 +0000] "GET /webalizer/cssow/media/jui/js/bootstrap.min.js?43897d417931a73665533826cfce8f9c HTTP/1.1" 200 29163 "http://localhost/webalizer/cssow/installation/index.php" "Mozilla/5.0 (Windows NT 10.0; Win64; x64) AppleWebKit/537.36 (KHTML, like Gecko) Chrome/70.0.3538.77 Safari/537.36"
::1 - - [13/Nov/2018:09:08:05 +0000] "GET /webalizer/cssow/media/jui/css/bootstrap-responsive.min.css?43897d417931a73665533826cfce8f9c HTTP/1.1" 200 16702 "http://localhost/webalizer/cssow/installation/index.php" "Mozilla/5.0 (Windows NT 10.0; Win64; x64) AppleWebKit/537.36 (KHTML, like Gecko) Chrome/70.0.3538.77 Safari/537.36"
::1 - - [13/Nov/2018:09:08:05 +0000] "GET /webalizer/cssow/installation/template/css/template.css?43897d417931a73665533826cfce8f9c HTTP/1.1" 200 5843 "http://localhost/webalizer/cssow/installation/index.php" "Mozilla/5.0 (Windows NT 10.0; Win64; x64) AppleWebKit/537.36 (KHTML, like Gecko) Chrome/70.0.3538.77 Safari/537.36"
::1 - - [13/Nov/2018:09:08:05 +0000] "GET /webalizer/cssow/media/jui/css/bootstrap-extended.css?43897d417931a73665533826cfce8f9c HTTP/1.1" 200 9592 "http://localhost/webalizer/cssow/installation/index.php" "Mozilla/5.0 (Windows NT 10.0; Win64; x64) AppleWebKit/537.36 (KHTML, like Gecko) Chrome/70.0.3538.77 Safari/537.36"
::1 - - [13/Nov/2018:09:08:05 +0000] "GET /webalizer/cssow/media/jui/js/jquery-noconflict.js?43897d417931a73665533826cfce8f9c HTTP/1.1" 200 22 "http://localhost/webalizer/cssow/installation/index.php" "Mozilla/5.0 (Windows NT 10.0; Win64; x64) AppleWebKit/537.36 (KHTML, like Gecko) Chrome/70.0.3538.77 Safari/537.36"
::1 - - [13/Nov/2018:09:08:05 +0000] "GET /webalizer/cssow/media/system/js/core.js?43897d417931a73665533826cfce8f9c HTTP/1.1" 200 7698 "http://localhost/webalizer/cssow/installation/index.php" "Mozilla/5.0 (Windows NT 10.0; Win64; x64) AppleWebKit/537.36 (KHTML, like Gecko) Chrome/70.0.3538.77 Safari/537.36"
::1 - - [13/Nov/2018:09:08:05 +0000] "GET /webalizer/cssow/media/system/js/punycode.js?43897d417931a73665533826cfce8f9c HTTP/1.1" 200 2829 "http://localhost/webalizer/cssow/installation/index.php" "Mozilla/5.0 (Windows NT 10.0; Win64; x64) AppleWebKit/537.36 (KHTML, like Gecko) Chrome/70.0.3538.77 Safari/537.36"
::1 - - [13/Nov/2018:09:08:05 +0000] "GET /webalizer/cssow/installation/template/js/installation.js?43897d417931a73665533826cfce8f9c HTTP/1.1" 200 14397 "http://localhost/webalizer/cssow/installation/index.php" "Mozilla/5.0 (Windows NT 10.0; Win64; x64) AppleWebKit/537.36 (KHTML, like Gecko) Chrome/70.0.3538.77 Safari/537.36"
::1 - - [13/Nov/2018:09:08:05 +0000] "GET /webalizer/cssow/media/jui/js/chosen.jquery.min.js?43897d417931a73665533826cfce8f9c HTTP/1.1" 200 34011 "http://localhost/webalizer/cssow/installation/index.php" "Mozilla/5.0 (Windows NT 10.0; Win64; x64) AppleWebKit/537.36 (KHTML, like Gecko) Chrome/70.0.3538.77 Safari/537.36"
::1 - - [13/Nov/2018:09:08:05 +0000] "GET /webalizer/cssow/media/system/js/keepalive.js?43897d417931a73665533826cfce8f9c HTTP/1.1" 200 463 "http://localhost/webalizer/cssow/installation/index.php" "Mozilla/5.0 (Windows NT 10.0; Win64; x64) AppleWebKit/537.36 (KHTML, like Gecko) Chrome/70.0.3538.77 Safari/537.36"
::1 - - [13/Nov/2018:09:08:05 +0000] "GET /webalizer/cssow/media/system/js/validate.js?43897d417931a73665533826cfce8f9c HTTP/1.1" 200 3119 "http://localhost/webalizer/cssow/installation/index.php" "Mozilla/5.0 (Windows NT 10.0; Win64; x64) AppleWebKit/537.36 (KHTML, like Gecko) Chrome/70.0.3538.77 Safari/537.36"
::1 - - [13/Nov/2018:09:08:05 +0000] "GET /webalizer/cssow/installation/template/images/joomla.png HTTP/1.1" 200 9075 "http://localhost/webalizer/cssow/installation/index.php" "Mozilla/5.0 (Windows NT 10.0; Win64; x64) AppleWebKit/537.36 (KHTML, like Gecko) Chrome/70.0.3538.77 Safari/537.36"
::1 - - [13/Nov/2018:09:08:05 +0000] "GET /webalizer/cssow/media/jui/img/glyphicons-halflings.png HTTP/1.1" 200 12600 "http://localhost/webalizer/cssow/media/jui/css/bootstrap.min.css?43897d417931a73665533826cfce8f9c" "Mozilla/5.0 (Windows NT 10.0; Win64; x64) AppleWebKit/537.36 (KHTML, like Gecko) Chrome/70.0.3538.77 Safari/537.36"
::1 - - [13/Nov/2018:09:08:05 +0000] "GET /webalizer/cssow/media/jui/img/glyphicons-halflings-white.png HTTP/1.1" 200 8743 "http://localhost/webalizer/cssow/media/jui/css/bootstrap.min.css?43897d417931a73665533826cfce8f9c" "Mozilla/5.0 (Windows NT 10.0; Win64; x64) AppleWebKit/537.36 (KHTML, like Gecko) Chrome/70.0.3538.77 Safari/537.36"
::1 - - [13/Nov/2018:09:08:05 +0000] "GET /webalizer/cssow/media/jui/images/ajax-loader.gif HTTP/1.1" 200 9933 "http://localhost/webalizer/cssow/installation/index.php" "Mozilla/5.0 (Windows NT 10.0; Win64; x64) AppleWebKit/537.36 (KHTML, like Gecko) Chrome/70.0.3538.77 Safari/537.36"
::1 - - [13/Nov/2018:09:08:05 +0000] "GET /webalizer/cssow/installation/favicon.ico HTTP/1.1" 200 2019 "http://localhost/webalizer/cssow/installation/index.php" "Mozilla/5.0 (Windows NT 10.0; Win64; x64) AppleWebKit/537.36 (KHTML, like Gecko) Chrome/70.0.3538.77 Safari/537.36"
::1 - - [13/Nov/2018:09:08:14 +0000] "POST /webalizer/cssow/installation/index.php?task=removefolder HTTP/1.1" 200 124 "http://localhost/webalizer/cssow/installation/index.php" "Mozilla/5.0 (Windows NT 10.0; Win64; x64) AppleWebKit/537.36 (KHTML, like Gecko) Chrome/70.0.3538.77 Safari/537.36"
::1 - - [13/Nov/2018:09:08:27 +0000] "GET /webalizer/cssow/administrator/ HTTP/1.1" 500 283 "http://localhost/webalizer/cssow/installation/index.php" "Mozilla/5.0 (Windows NT 10.0; Win64; x64) AppleWebKit/537.36 (KHTML, like Gecko) Chrome/70.0.3538.77 Safari/537.36"
::1 - - [13/Nov/2018:09:08:34 +0000] "GET /webalizer/cssow/installation/index.php HTTP/1.1" 404 1054 "-" "Mozilla/5.0 (Windows NT 10.0; Win64; x64) AppleWebKit/537.36 (KHTML, like Gecko) Chrome/70.0.3538.77 Safari/537.36"
::1 - - [13/Nov/2018:09:08:39 +0000] "GET /webalizer/cssow/ HTTP/1.1" 500 283 "-" "Mozilla/5.0 (Windows NT 10.0; Win64; x64) AppleWebKit/537.36 (KHTML, like Gecko) Chrome/70.0.3538.77 Safari/537.36"
::1 - - [13/Nov/2018:09:24:45 +0000] "GET /webalizer/cssow/ HTTP/1.1" 500 283 "-" "Mozilla/5.0 (Windows NT 10.0; Win64; x64) AppleWebKit/537.36 (KHTML, like Gecko) Chrome/70.0.3538.77 Safari/537.36"
::1 - - [13/Nov/2018:09:26:11 +0000] "GET /webalizer/ HTTP/1.1" 403 1201 "-" "Mozilla/5.0 (Windows NT 10.0; Win64; x64) AppleWebKit/537.36 (KHTML, like Gecko) Chrome/70.0.3538.77 Safari/537.36"
::1 - - [13/Nov/2018:09:26:18 +0000] "GET /webalizer/ HTTP/1.1" 403 1201 "-" "Mozilla/5.0 (Windows NT 10.0; Win64; x64) AppleWebKit/537.36 (KHTML, like Gecko) Chrome/70.0.3538.77 Safari/537.36"
::1 - - [13/Nov/2018:09:26:31 +0000] "GET /webalizer/ HTTP/1.1" 403 1201 "-" "Mozilla/5.0 (Windows NT 10.0; Win64; x64) AppleWebKit/537.36 (KHTML, like Gecko) Chrome/70.0.3538.77 Safari/537.36"
::1 - - [13/Nov/2018:09:31:03 +0000] "GET /webalizer/ HTTP/1.1" 403 1201 "-" "Mozilla/5.0 (Windows NT 10.0; Win64; x64) AppleWebKit/537.36 (KHTML, like Gecko) Chrome/70.0.3538.77 Safari/537.36"
::1 - - [13/Nov/2018:09:31:52 +0000] "GET /webalizer/cssow/ HTTP/1.1" 404 1054 "-" "Mozilla/5.0 (Windows NT 10.0; Win64; x64) AppleWebKit/537.36 (KHTML, like Gecko) Chrome/70.0.3538.77 Safari/537.36"
::1 - - [13/Nov/2018:09:38:14 +0000] "GET /webalizer/cssow/ HTTP/1.1" 200 473 "-" "Mozilla/5.0 (Windows NT 10.0; Win64; x64) AppleWebKit/537.36 (KHTML, like Gecko) Chrome/70.0.3538.77 Safari/537.36"
::1 - - [13/Nov/2018:09:39:07 +0000] "GET /webalizer/cssow/ HTTP/1.1" 200 473 "-" "Mozilla/5.0 (Windows NT 10.0; Win64; x64) AppleWebKit/537.36 (KHTML, like Gecko) Chrome/70.0.3538.77 Safari/537.36"
::1 - - [13/Nov/2018:09:40:58 +0000] "GET /webalizer/cssow/ HTTP/1.1" 200 513 "-" "Mozilla/5.0 (Windows NT 10.0; Win64; x64) AppleWebKit/537.36 (KHTML, like Gecko) Chrome/70.0.3538.77 Safari/537.36"
::1 - - [13/Nov/2018:09:46:13 +0000] "GET /webalizer/cssow/ HTTP/1.1" 200 513 "-" "Mozilla/5.0 (Windows NT 10.0; Win64; x64) AppleWebKit/537.36 (KHTML, like Gecko) Chrome/70.0.3538.77 Safari/537.36"
::1 - - [13/Nov/2018:09:48:36 +0000] "GET /webalizer/ HTTP/1.1" 200 489 "-" "Mozilla/5.0 (Windows NT 10.0; Win64; x64) AppleWebKit/537.36 (KHTML, like Gecko) Chrome/70.0.3538.77 Safari/537.36"
::1 - - [13/Nov/2018:09:54:29 +0000] "GET /webalizer/ HTTP/1.1" 403 1056 "-" "Mozilla/5.0 (Windows NT 10.0; Win64; x64) AppleWebKit/537.36 (KHTML, like Gecko) Chrome/70.0.3538.77 Safari/537.36"
::1 - - [13/Nov/2018:09:55:29 +0000] "GET /webalizer/ HTTP/1.1" 403 1056 "-" "Mozilla/5.0 (Windows NT 10.0; Win64; x64) AppleWebKit/537.36 (KHTML, like Gecko) Chrome/70.0.3538.77 Safari/537.36"
