[Tue Nov 13 08:59:07.833691 2018] [ssl:warn] [pid 31480:tid 652] AH01909: www.example.com:443:0 server certificate does NOT include an ID which matches the server name
[Tue Nov 13 08:59:07.904963 2018] [ssl:warn] [pid 31480:tid 652] AH01909: www.example.com:443:0 server certificate does NOT include an ID which matches the server name
[Tue Nov 13 08:59:07.976235 2018] [mpm_winnt:notice] [pid 31480:tid 652] AH00455: Apache/2.4.35 (Win32) OpenSSL/1.1.0i PHP/7.2.11 configured -- resuming normal operations
[Tue Nov 13 08:59:07.976235 2018] [mpm_winnt:notice] [pid 31480:tid 652] AH00456: Apache Lounge VC15 Server built: Sep 19 2018 15:43:45
[Tue Nov 13 08:59:07.977211 2018] [core:notice] [pid 31480:tid 652] AH00094: Command line: 'c:\\dev\\cssow\\xampp\\apache\\bin\\httpd.exe -d C:/Dev/cssow/xampp/apache'
[Tue Nov 13 08:59:07.990881 2018] [mpm_winnt:notice] [pid 31480:tid 652] AH00418: Parent: Created child process 23632
[Tue Nov 13 08:59:08.853959 2018] [ssl:warn] [pid 23632:tid 692] AH01909: www.example.com:443:0 server certificate does NOT include an ID which matches the server name
[Tue Nov 13 08:59:08.918400 2018] [ssl:warn] [pid 23632:tid 692] AH01909: www.example.com:443:0 server certificate does NOT include an ID which matches the server name
[Tue Nov 13 08:59:08.983814 2018] [mpm_winnt:notice] [pid 23632:tid 692] AH00354: Child: Starting 150 worker threads.
[Tue Nov 13 09:08:01.313794 2018] [autoindex:error] [pid 23632:tid 1948] [client ::1:8963] AH01276: Cannot serve directory C:/Dev/cssow/xampp/webalizer/: No matching DirectoryIndex (index.php,index.pl,index.cgi,index.asp,index.shtml,index.html,index.htm,default.php,default.pl,default.cgi,default.asp,default.shtml,default.html,default.htm,home.php,home.pl,home.cgi,home.asp,home.shtml,home.html,home.htm) found, and server-generated directory index forbidden by Options directive
[Tue Nov 13 09:08:27.598886 2018] [php7:warn] [pid 23632:tid 1932] [client ::1:8999] PHP Warning:  session_start(): Failed to read session data: user (path: C:\\Dev\\cssow\\xampp\\tmp) in C:\\Dev\\cssow\\xampp\\webalizer\\cssow\\libraries\\joomla\\session\\handler\\native.php on line 260, referer: http://localhost/webalizer/cssow/installation/index.php
[Tue Nov 13 09:08:39.720001 2018] [php7:warn] [pid 23632:tid 1956] [client ::1:9000] PHP Warning:  session_start(): Failed to read session data: user (path: C:\\Dev\\cssow\\xampp\\tmp) in C:\\Dev\\cssow\\xampp\\webalizer\\cssow\\libraries\\joomla\\session\\handler\\native.php on line 260
[Tue Nov 13 09:24:45.975842 2018] [php7:warn] [pid 23632:tid 1932] [client ::1:10182] PHP Warning:  session_start(): Failed to read session data: user (path: C:\\Dev\\cssow\\xampp\\tmp) in C:\\Dev\\cssow\\xampp\\webalizer\\cssow\\libraries\\joomla\\session\\handler\\native.php on line 260
[Tue Nov 13 09:26:11.358352 2018] [autoindex:error] [pid 23632:tid 1956] [client ::1:10259] AH01276: Cannot serve directory C:/Dev/cssow/xampp/webalizer/: No matching DirectoryIndex (index.php,index.pl,index.cgi,index.asp,index.shtml,index.html,index.htm,default.php,default.pl,default.cgi,default.asp,default.shtml,default.html,default.htm,home.php,home.pl,home.cgi,home.asp,home.shtml,home.html,home.htm) found, and server-generated directory index forbidden by Options directive
[Tue Nov 13 09:26:18.959441 2018] [autoindex:error] [pid 23632:tid 1932] [client ::1:10260] AH01276: Cannot serve directory C:/Dev/cssow/xampp/webalizer/: No matching DirectoryIndex (index.php,index.pl,index.cgi,index.asp,index.shtml,index.html,index.htm,default.php,default.pl,default.cgi,default.asp,default.shtml,default.html,default.htm,home.php,home.pl,home.cgi,home.asp,home.shtml,home.html,home.htm) found, and server-generated directory index forbidden by Options directive
[Tue Nov 13 09:26:29.663783 2018] [ssl:warn] [pid 17264:tid 700] AH01909: www.example.com:443:0 server certificate does NOT include an ID which matches the server name
[Tue Nov 13 09:26:29.731046 2018] [core:warn] [pid 17264:tid 700] AH00098: pid file C:/Dev/cssow/xampp/apache/logs/httpd.pid overwritten -- Unclean shutdown of previous Apache run?
[Tue Nov 13 09:26:29.733956 2018] [ssl:warn] [pid 17264:tid 700] AH01909: www.example.com:443:0 server certificate does NOT include an ID which matches the server name
[Tue Nov 13 09:26:29.769104 2018] [mpm_winnt:notice] [pid 17264:tid 700] AH00455: Apache/2.4.35 (Win32) OpenSSL/1.1.0i PHP/7.2.11 configured -- resuming normal operations
[Tue Nov 13 09:26:29.769104 2018] [mpm_winnt:notice] [pid 17264:tid 700] AH00456: Apache Lounge VC15 Server built: Sep 19 2018 15:43:45
[Tue Nov 13 09:26:29.769104 2018] [core:notice] [pid 17264:tid 700] AH00094: Command line: 'c:\\dev\\cssow\\xampp\\apache\\bin\\httpd.exe -d C:/Dev/cssow/xampp/apache'
[Tue Nov 13 09:26:29.778869 2018] [mpm_winnt:notice] [pid 17264:tid 700] AH00418: Parent: Created child process 15588
[Tue Nov 13 09:26:30.507424 2018] [ssl:warn] [pid 15588:tid 704] AH01909: www.example.com:443:0 server certificate does NOT include an ID which matches the server name
[Tue Nov 13 09:26:30.564950 2018] [ssl:warn] [pid 15588:tid 704] AH01909: www.example.com:443:0 server certificate does NOT include an ID which matches the server name
[Tue Nov 13 09:26:30.599915 2018] [mpm_winnt:notice] [pid 15588:tid 704] AH00354: Child: Starting 150 worker threads.
[Tue Nov 13 09:26:31.264911 2018] [autoindex:error] [pid 15588:tid 1964] [client ::1:10281] AH01276: Cannot serve directory C:/Dev/cssow/xampp/webalizer/: No matching DirectoryIndex (index.php,index.pl,index.cgi,index.asp,index.shtml,index.html,index.htm,default.php,default.pl,default.cgi,default.asp,default.shtml,default.html,default.htm,home.php,home.pl,home.cgi,home.asp,home.shtml,home.html,home.htm) found, and server-generated directory index forbidden by Options directive
[Tue Nov 13 09:31:03.456411 2018] [autoindex:error] [pid 15588:tid 1956] [client ::1:10531] AH01276: Cannot serve directory C:/Dev/cssow/xampp/webalizer/: No matching DirectoryIndex (index.php,index.pl,index.cgi,index.asp,index.shtml,index.html,index.htm,default.php,default.pl,default.cgi,default.asp,default.shtml,default.html,default.htm,home.php,home.pl,home.cgi,home.asp,home.shtml,home.html,home.htm) found, and server-generated directory index forbidden by Options directive
[Tue Nov 13 09:38:14.054429 2018] [php7:warn] [pid 15588:tid 1956] [client ::1:12157] PHP Warning:  require_once(C:\\Dev\\cssow\\xampp\\webalizer\\cssow/includes/defines.php): failed to open stream: No such file or directory in C:\\Dev\\cssow\\xampp\\webalizer\\cssow\\index.php on line 37
[Tue Nov 13 09:38:14.055405 2018] [php7:error] [pid 15588:tid 1956] [client ::1:12157] PHP Fatal error:  require_once(): Failed opening required 'C:\\Dev\\cssow\\xampp\\webalizer\\cssow/includes/defines.php' (include_path='C:\\Dev\\cssow\\xampp\\php\\PEAR') in C:\\Dev\\cssow\\xampp\\webalizer\\cssow\\index.php on line 37
[Tue Nov 13 09:39:07.287502 2018] [php7:warn] [pid 15588:tid 1964] [client ::1:13871] PHP Warning:  require_once(C:\\Dev\\cssow\\xampp\\webalizer\\cssow/includes/defines.php): failed to open stream: No such file or directory in C:\\Dev\\cssow\\xampp\\webalizer\\cssow\\index.php on line 37
[Tue Nov 13 09:39:07.288479 2018] [php7:error] [pid 15588:tid 1964] [client ::1:13871] PHP Fatal error:  require_once(): Failed opening required 'C:\\Dev\\cssow\\xampp\\webalizer\\cssow/includes/defines.php' (include_path='C:\\Dev\\cssow\\xampp\\php\\PEAR') in C:\\Dev\\cssow\\xampp\\webalizer\\cssow\\index.php on line 37
[Tue Nov 13 09:40:58.751119 2018] [php7:warn] [pid 15588:tid 1956] [client ::1:18944] PHP Warning:  require_once(C:\\Dev\\cssow\\xampp\\webalizer\\cssow\\libraries/import.legacy.php): failed to open stream: No such file or directory in C:\\Dev\\cssow\\xampp\\webalizer\\cssow\\includes\\framework.php on line 15
[Tue Nov 13 09:40:58.752096 2018] [php7:error] [pid 15588:tid 1956] [client ::1:18944] PHP Fatal error:  require_once(): Failed opening required 'C:\\Dev\\cssow\\xampp\\webalizer\\cssow\\libraries/import.legacy.php' (include_path='C:\\Dev\\cssow\\xampp\\php\\PEAR') in C:\\Dev\\cssow\\xampp\\webalizer\\cssow\\includes\\framework.php on line 15
[Tue Nov 13 09:46:13.289923 2018] [php7:warn] [pid 15588:tid 1964] [client ::1:19339] PHP Warning:  require_once(C:\\Dev\\cssow\\xampp\\webalizer\\cssow\\libraries/import.legacy.php): failed to open stream: No such file or directory in C:\\Dev\\cssow\\xampp\\webalizer\\cssow\\includes\\framework.php on line 15
[Tue Nov 13 09:46:13.290900 2018] [php7:error] [pid 15588:tid 1964] [client ::1:19339] PHP Fatal error:  require_once(): Failed opening required 'C:\\Dev\\cssow\\xampp\\webalizer\\cssow\\libraries/import.legacy.php' (include_path='C:\\Dev\\cssow\\xampp\\php\\PEAR') in C:\\Dev\\cssow\\xampp\\webalizer\\cssow\\includes\\framework.php on line 15
[Tue Nov 13 09:48:36.219495 2018] [php7:warn] [pid 15588:tid 1956] [client ::1:23105] PHP Warning:  require_once(C:\\Dev\\cssow\\xampp\\webalizer\\libraries/import.legacy.php): failed to open stream: No such file or directory in C:\\Dev\\cssow\\xampp\\webalizer\\includes\\framework.php on line 15
[Tue Nov 13 09:48:36.219495 2018] [php7:error] [pid 15588:tid 1956] [client ::1:23105] PHP Fatal error:  require_once(): Failed opening required 'C:\\Dev\\cssow\\xampp\\webalizer\\libraries/import.legacy.php' (include_path='C:\\Dev\\cssow\\xampp\\php\\PEAR') in C:\\Dev\\cssow\\xampp\\webalizer\\includes\\framework.php on line 15
[Tue Nov 13 09:54:29.715123 2018] [authz_core:error] [pid 15588:tid 1964] [client ::1:32627] AH01630: client denied by server configuration: C:/Dev/cssow/xampp/webalizer
[Tue Nov 13 09:55:29.042666 2018] [authz_core:error] [pid 15588:tid 1956] [client ::1:36586] AH01630: client denied by server configuration: C:/Dev/cssow/xampp/webalizer
